Build started 26/12/2016 8:51:32 SA.
     1>Project "D:\Github\C\Img\Img\Img.vcxproj" on node 2 (Build target(s)).
     1>PreBuildEvent:
         pack-resources.bat
         :VCEnd
         analog-clock.tis 1956 compressed to 1003 (51%)
         backgrounds.jpg 34851
         close_1.png 531
         close_2.png 587
         default.htm 2160 compressed to 1260 (58%)
         Mario-Mushroom1UP.ico 282960
         moveable-view.tis 1361 compressed to 743 (54%)
         -----------------------------
         compressed size 322847 bytes
         resources not changed
       Link:
         C:\Program Files (x86)\Microsoft Visual Studio 11.0\VC\bin\link.exe /ERRORREPORT:PROMPT /OUT:"D:\Github\C\Img\Debug\Img.exe" /INCREMENTAL /NOLOGO Shlwapi.lib kernel32.lib user32.lib gdi32.lib winspool.lib comdlg32.lib advapi32.lib shell32.lib ole32.lib oleaut32.lib uuid.lib odbc32.lib odbccp32.lib /MANIFEST /MANIFESTUAC:"level='asInvoker' uiAccess='false'" /manifest:embed /DEBUG /PDB:"D:\Github\C\Img\Debug\Img.pdb" /SUBSYSTEM:WINDOWS /TLBID:1 /DYNAMICBASE /NXCOMPAT /IMPLIB:"D:\Github\C\Img\Debug\Img.lib" /MACHINE:X86 "Debug\sciter-win-main.obj"
         Debug\Main.obj
         Img.vcxproj -> D:\Github\C\Img\Debug\Img.exe
     1>Done Building Project "D:\Github\C\Img\Img\Img.vcxproj" (Build target(s)).

Build succeeded.

Time Elapsed 00:00:00.46
